<?xml version="1.0" encoding="UTF-8"?>
<testsuite name="gooroommoon.algofi_core.AlgofiCoreApplicationTests" tests="1" skipped="0" failures="0" errors="0" timestamp="2024-06-17T07:54:48" hostname="DESKTOP-ERATPKO" time="0.574">
  <properties/>
  <testcase name="contextLoads()" classname="gooroommoon.algofi_core.AlgofiCoreApplicationTests" time="0.574"/>
  <system-out><![CDATA[16:54:42.895 [Test worker] INFO org.springframework.test.context.support.AnnotationConfigContextLoaderUtils -- Could not detect default configuration classes for test class [gooroommoon.algofi_core.AlgofiCoreApplicationTests]: AlgofiCoreApplicationTests does not declare any static, non-private, non-final, nested classes annotated with @Configuration.
16:54:43.020 [Test worker] INFO org.springframework.boot.test.context.SpringBootTestContextBootstrapper -- Found @SpringBootConfiguration gooroommoon.algofi_core.AlgofiCoreApplication for test class gooroommoon.algofi_core.AlgofiCoreApplicationTests
  .   ____          _            __ _ _
 /\\ / ___'_ __ _ _(_)_ __  __ _ \ \ \ \
( ( )\___ | '_ | '_| | '_ \/ _` | \ \ \ \
 \\/  ___)| |_)| | | | | || (_| |  ) ) ) )
  '  |____| .__|_| |_|_| |_\__, | / / / /
 =========|_|==============|___/=/_/_/_/

 :: Spring Boot ::                (v3.3.0)

2024-06-17T16:54:43.517+09:00  INFO 39804 --- [algofi-core] [    Test worker] g.a.AlgofiCoreApplicationTests           : Starting AlgofiCoreApplicationTests using Java 17.0.11 with PID 39804 (started by YUN in D:\project\WebIDE\algorithm-fighter-back\algofi-core)
2024-06-17T16:54:43.520+09:00  INFO 39804 --- [algofi-core] [    Test worker] g.a.AlgofiCoreApplicationTests           : No active profile set, falling back to 1 default profile: "prod"
2024-06-17T16:54:43.559+09:00 DEBUG 39804 --- [algofi-core] [    Test worker] o.s.w.c.s.GenericWebApplicationContext   : Refreshing org.springframework.web.context.support.GenericWebApplicationContext@30404dba
2024-06-17T16:54:44.374+09:00  INFO 39804 --- [algofi-core] [    Test worker] .s.d.r.c.RepositoryConfigurationDelegate : Bootstrapping Spring Data JPA repositories in DEFAULT mode.
2024-06-17T16:54:44.458+09:00  INFO 39804 --- [algofi-core] [    Test worker] .s.d.r.c.RepositoryConfigurationDelegate : Finished Spring Data repository scanning in 74 ms. Found 1 JPA repository interface.
2024-06-17T16:54:45.194+09:00  INFO 39804 --- [algofi-core] [    Test worker] o.hibernate.jpa.internal.util.LogHelper  : HHH000204: Processing PersistenceUnitInfo [name: default]
2024-06-17T16:54:45.310+09:00  INFO 39804 --- [algofi-core] [    Test worker] org.hibernate.Version                    : HHH000412: Hibernate ORM core version 6.5.2.Final
2024-06-17T16:54:45.364+09:00  INFO 39804 --- [algofi-core] [    Test worker] o.h.c.internal.RegionFactoryInitiator    : HHH000026: Second-level cache disabled
2024-06-17T16:54:45.754+09:00  INFO 39804 --- [algofi-core] [    Test worker] o.s.o.j.p.SpringPersistenceUnitInfo      : No LoadTimeWeaver setup: ignoring JPA class transformer
2024-06-17T16:54:45.792+09:00  INFO 39804 --- [algofi-core] [    Test worker] com.zaxxer.hikari.HikariDataSource       : HikariPool-1 - Starting...
2024-06-17T16:54:46.122+09:00  INFO 39804 --- [algofi-core] [    Test worker] com.zaxxer.hikari.pool.HikariPool        : HikariPool-1 - Added connection com.mysql.cj.jdbc.ConnectionImpl@5d9d8e46
2024-06-17T16:54:46.124+09:00  INFO 39804 --- [algofi-core] [    Test worker] com.zaxxer.hikari.HikariDataSource       : HikariPool-1 - Start completed.
2024-06-17T16:54:46.187+09:00  WARN 39804 --- [algofi-core] [    Test worker] org.hibernate.orm.deprecation            : HHH90000025: MySQL8Dialect does not need to be specified explicitly using 'hibernate.dialect' (remove the property setting and it will be selected by default)
2024-06-17T16:54:46.188+09:00  WARN 39804 --- [algofi-core] [    Test worker] org.hibernate.orm.deprecation            : HHH90000026: MySQL8Dialect has been deprecated; use org.hibernate.dialect.MySQLDialect instead
2024-06-17T16:54:46.224+09:00 DEBUG 39804 --- [algofi-core] [    Test worker] o.h.t.d.sql.spi.DdlTypeRegistry          : addDescriptor(12, org.hibernate.type.descriptor.sql.internal.CapacityDependentDdlType@6f428e6e) replaced previous registration(org.hibernate.type.descriptor.sql.internal.CapacityDependentDdlType@72e49f6a)
2024-06-17T16:54:46.225+09:00 DEBUG 39804 --- [algofi-core] [    Test worker] o.h.t.d.sql.spi.DdlTypeRegistry          : addDescriptor(-9, org.hibernate.type.descriptor.sql.internal.CapacityDependentDdlType@2e4b5da1) replaced previous registration(org.hibernate.type.descriptor.sql.internal.CapacityDependentDdlType@312819ae)
2024-06-17T16:54:46.225+09:00 DEBUG 39804 --- [algofi-core] [    Test worker] o.h.t.d.sql.spi.DdlTypeRegistry          : addDescriptor(-3, org.hibernate.type.descriptor.sql.internal.CapacityDependentDdlType@4ae2c01b) replaced previous registration(org.hibernate.type.descriptor.sql.internal.CapacityDependentDdlType@1cab19e2)
2024-06-17T16:54:46.226+09:00 DEBUG 39804 --- [algofi-core] [    Test worker] o.h.t.d.sql.spi.DdlTypeRegistry          : addDescriptor(4003, org.hibernate.type.descriptor.sql.internal.DdlTypeImpl@6879e983) replaced previous registration(org.hibernate.type.descriptor.sql.internal.DdlTypeImpl@196d684b)
2024-06-17T16:54:46.226+09:00 DEBUG 39804 --- [algofi-core] [    Test worker] o.h.t.d.sql.spi.DdlTypeRegistry          : addDescriptor(4001, org.hibernate.type.descriptor.sql.internal.DdlTypeImpl@45d38165) replaced previous registration(org.hibernate.type.descriptor.sql.internal.DdlTypeImpl@1f3f434)
2024-06-17T16:54:46.226+09:00 DEBUG 39804 --- [algofi-core] [    Test worker] o.h.t.d.sql.spi.DdlTypeRegistry          : addDescriptor(4002, org.hibernate.type.descriptor.sql.internal.DdlTypeImpl@26612078) replaced previous registration(org.hibernate.type.descriptor.sql.internal.DdlTypeImpl@54bc3bcf)
2024-06-17T16:54:46.226+09:00 DEBUG 39804 --- [algofi-core] [    Test worker] o.h.t.d.sql.spi.DdlTypeRegistry          : addDescriptor(2004, org.hibernate.type.descriptor.sql.internal.CapacityDependentDdlType@d3d5094) replaced previous registration(org.hibernate.type.descriptor.sql.internal.DdlTypeImpl@13714753)
2024-06-17T16:54:46.228+09:00 DEBUG 39804 --- [algofi-core] [    Test worker] o.h.t.d.sql.spi.DdlTypeRegistry          : addDescriptor(2005, org.hibernate.type.descriptor.sql.internal.CapacityDependentDdlType@3c3cd7a5) replaced previous registration(org.hibernate.type.descriptor.sql.internal.DdlTypeImpl@96be1ae)
2024-06-17T16:54:46.229+09:00 DEBUG 39804 --- [algofi-core] [    Test worker] o.h.t.d.sql.spi.DdlTypeRegistry          : addDescriptor(2011, org.hibernate.type.descriptor.sql.internal.CapacityDependentDdlType@6eb5b9e7) replaced previous registration(org.hibernate.type.descriptor.sql.internal.DdlTypeImpl@77e730bd)
2024-06-17T16:54:47.269+09:00  INFO 39804 --- [algofi-core] [    Test worker] o.h.e.t.j.p.i.JtaPlatformInitiator       : HHH000489: No JTA platform available (set 'hibernate.transaction.jta.platform' to enable JTA platform integration)
2024-06-17T16:54:47.273+09:00  INFO 39804 --- [algofi-core] [    Test worker] j.LocalContainerEntityManagerFactoryBean : Initialized JPA EntityManagerFactory for persistence unit 'default'
2024-06-17T16:54:47.769+09:00  WARN 39804 --- [algofi-core] [    Test worker] JpaBaseConfiguration$JpaWebConfiguration : spring.jpa.open-in-view is enabled by default. Therefore, database queries may be performed during view rendering. Explicitly configure spring.jpa.open-in-view to disable this warning
2024-06-17T16:54:47.811+09:00  INFO 39804 --- [algofi-core] [    Test worker] r$InitializeUserDetailsManagerConfigurer : Global AuthenticationManager configured with UserDetailsService bean with name memberUserDetailService
2024-06-17T16:54:48.015+09:00 DEBUG 39804 --- [algofi-core] [    Test worker] s.w.s.m.m.a.RequestMappingHandlerMapping : 9 mappings in 'requestMappingHandlerMapping'
2024-06-17T16:54:48.224+09:00 DEBUG 39804 --- [algofi-core] [    Test worker] o.s.w.s.handler.SimpleUrlHandlerMapping  : Patterns [/webjars/**, /**] in 'resourceHandlerMapping'
2024-06-17T16:54:48.288+09:00  INFO 39804 --- [algofi-core] [    Test worker] o.s.s.web.DefaultSecurityFilterChain     : Will secure any request with [org.springframework.security.web.session.DisableEncodeUrlFilter@102dff25, org.springframework.security.web.context.request.async.WebAsyncManagerIntegrationFilter@216de23a, org.springframework.security.web.context.SecurityContextHolderFilter@32c114d9, org.springframework.security.web.header.HeaderWriterFilter@628e0403, org.springframework.web.filter.CorsFilter@76e10574, org.springframework.security.web.authentication.logout.LogoutFilter@e763080, gooroommoon.algofi_core.auth.filter.JwtFilter@7c290246, org.springframework.security.web.savedrequest.RequestCacheAwareFilter@4505ec36, org.springframework.security.web.servletapi.SecurityContextHolderAwareRequestFilter@19983dd1, org.springframework.security.web.authentication.AnonymousAuthenticationFilter@3021e31, org.springframework.security.web.session.SessionManagementFilter@3f6fd33b, org.springframework.security.web.access.ExceptionTranslationFilter@2e7cd4bb, org.springframework.security.web.access.intercept.AuthorizationFilter@706dee4]
2024-06-17T16:54:48.617+09:00 DEBUG 39804 --- [algofi-core] [    Test worker] s.w.s.m.m.a.RequestMappingHandlerAdapter : ControllerAdvice beans: 0 @ModelAttribute, 0 @InitBinder, 1 RequestBodyAdvice, 1 ResponseBodyAdvice
2024-06-17T16:54:48.675+09:00 DEBUG 39804 --- [algofi-core] [    Test worker] .m.m.a.ExceptionHandlerExceptionResolver : ControllerAdvice beans: 1 @ExceptionHandler, 1 ResponseBodyAdvice
2024-06-17T16:54:48.869+09:00  INFO 39804 --- [algofi-core] [    Test worker] g.a.AlgofiCoreApplicationTests           : Started AlgofiCoreApplicationTests in 5.642 seconds (process running for 7.297)
]]></system-out>
  <system-err><![CDATA[]]></system-err>
</testsuite>
