<?xml version="1.0" encoding="UTF-8"?>
<testsuite name="gooroommoon.algofi_compile.AlgofiCompileApplicationTests" tests="1" skipped="0" failures="0" errors="0" timestamp="2024-06-16T16:48:02" hostname="DESKTOP-ERATPKO" time="0.742">
  <properties/>
  <testcase name="contextLoads()" classname="gooroommoon.algofi_compile.AlgofiCompileApplicationTests" time="0.742"/>
  <system-out><![CDATA[01:47:58.775 [Test worker] INFO org.springframework.test.context.support.AnnotationConfigContextLoaderUtils -- Could not detect default configuration classes for test class [gooroommoon.algofi_compile.AlgofiCompileApplicationTests]: AlgofiCompileApplicationTests does not declare any static, non-private, non-final, nested classes annotated with @Configuration.
01:47:58.885 [Test worker] INFO org.springframework.boot.test.context.SpringBootTestContextBootstrapper -- Found @SpringBootConfiguration gooroommoon.algofi_compile.AlgofiCompileApplication for test class gooroommoon.algofi_compile.AlgofiCompileApplicationTests
  .   ____          _            __ _ _
 /\\ / ___'_ __ _ _(_)_ __  __ _ \ \ \ \
( ( )\___ | '_ | '_| | '_ \/ _` | \ \ \ \
 \\/  ___)| |_)| | | | | || (_| |  ) ) ) )
  '  |____| .__|_| |_|_| |_\__, | / / / /
 =========|_|==============|___/=/_/_/_/

 :: Spring Boot ::                (v3.3.0)

2024-06-17T01:47:59.356+09:00  INFO 2856 --- [algofi-compile] [    Test worker] g.a.AlgofiCompileApplicationTests        : Starting AlgofiCompileApplicationTests using Java 17.0.11 with PID 2856 (started by YUN in D:\project\WebIDE\algorithm-fighter-back\algofi-compile)
2024-06-17T01:47:59.358+09:00  INFO 2856 --- [algofi-compile] [    Test worker] g.a.AlgofiCompileApplicationTests        : No active profile set, falling back to 1 default profile: "default"
2024-06-17T01:48:00.052+09:00  INFO 2856 --- [algofi-compile] [    Test worker] .s.d.r.c.RepositoryConfigurationDelegate : Bootstrapping Spring Data JPA repositories in DEFAULT mode.
2024-06-17T01:48:00.083+09:00  INFO 2856 --- [algofi-compile] [    Test worker] .s.d.r.c.RepositoryConfigurationDelegate : Finished Spring Data repository scanning in 18 ms. Found 0 JPA repository interfaces.
2024-06-17T01:48:00.567+09:00  INFO 2856 --- [algofi-compile] [    Test worker] com.zaxxer.hikari.HikariDataSource       : HikariPool-1 - Starting...
2024-06-17T01:48:00.765+09:00  INFO 2856 --- [algofi-compile] [    Test worker] com.zaxxer.hikari.pool.HikariPool        : HikariPool-1 - Added connection conn0: url=jdbc:h2:mem:272ff563-4586-4417-b4b3-918d1b23e88a user=SA
2024-06-17T01:48:00.767+09:00  INFO 2856 --- [algofi-compile] [    Test worker] com.zaxxer.hikari.HikariDataSource       : HikariPool-1 - Start completed.
2024-06-17T01:48:00.825+09:00  INFO 2856 --- [algofi-compile] [    Test worker] o.hibernate.jpa.internal.util.LogHelper  : HHH000204: Processing PersistenceUnitInfo [name: default]
2024-06-17T01:48:00.893+09:00  INFO 2856 --- [algofi-compile] [    Test worker] org.hibernate.Version                    : HHH000412: Hibernate ORM core version 6.5.2.Final
2024-06-17T01:48:00.948+09:00  INFO 2856 --- [algofi-compile] [    Test worker] o.h.c.internal.RegionFactoryInitiator    : HHH000026: Second-level cache disabled
2024-06-17T01:48:01.307+09:00  INFO 2856 --- [algofi-compile] [    Test worker] o.s.o.j.p.SpringPersistenceUnitInfo      : No LoadTimeWeaver setup: ignoring JPA class transformer
2024-06-17T01:48:01.744+09:00  INFO 2856 --- [algofi-compile] [    Test worker] o.h.e.t.j.p.i.JtaPlatformInitiator       : HHH000489: No JTA platform available (set 'hibernate.transaction.jta.platform' to enable JTA platform integration)
2024-06-17T01:48:01.750+09:00  INFO 2856 --- [algofi-compile] [    Test worker] j.LocalContainerEntityManagerFactoryBean : Initialized JPA EntityManagerFactory for persistence unit 'default'
2024-06-17T01:48:01.952+09:00  WARN 2856 --- [algofi-compile] [    Test worker] JpaBaseConfiguration$JpaWebConfiguration : spring.jpa.open-in-view is enabled by default. Therefore, database queries may be performed during view rendering. Explicitly configure spring.jpa.open-in-view to disable this warning
2024-06-17T01:48:02.708+09:00  INFO 2856 --- [algofi-compile] [    Test worker] g.a.AlgofiCompileApplicationTests        : Started AlgofiCompileApplicationTests in 3.594 seconds (process running for 5.195)
]]></system-out>
  <system-err><![CDATA[]]></system-err>
</testsuite>
