<?xml version="1.0" encoding="UTF-8"?>
<testsuite name="gooroommoon.algofi_compile.controller.CompileApiControllerTest" tests="1" skipped="0" failures="0" errors="0" timestamp="2024-06-19T07:31:11" hostname="hongui-MacBookPro.local" time="0.427">
  <properties/>
  <testcase name="testCExecution()" classname="gooroommoon.algofi_compile.controller.CompileApiControllerTest" time="0.427"/>
  <system-out><![CDATA[16:31:10.642 [Test worker] INFO org.springframework.test.context.support.AnnotationConfigContextLoaderUtils -- Could not detect default configuration classes for test class [gooroommoon.algofi_compile.controller.CompileApiControllerTest]: CompileApiControllerTest does not declare any static, non-private, non-final, nested classes annotated with @Configuration.
16:31:10.687 [Test worker] INFO org.springframework.boot.test.context.SpringBootTestContextBootstrapper -- Found @SpringBootConfiguration gooroommoon.algofi_compile.AlgofiCompileApplication for test class gooroommoon.algofi_compile.controller.CompileApiControllerTest
  .   ____          _            __ _ _
 /\\ / ___'_ __ _ _(_)_ __  __ _ \ \ \ \
( ( )\___ | '_ | '_| | '_ \/ _` | \ \ \ \
 \\/  ___)| |_)| | | | | || (_| |  ) ) ) )
  '  |____| .__|_| |_|_| |_\__, | / / / /
 =========|_|==============|___/=/_/_/_/

 :: Spring Boot ::                (v3.3.0)

2024-06-19T16:31:10.836+09:00  INFO 11914 --- [algofi-compile] [    Test worker] g.a.controller.CompileApiControllerTest  : Starting CompileApiControllerTest using Java 17.0.10 with PID 11914 (started by hong in /Users/hong/full-stack/back-end/spring/0goorm/algofi/algofi-compile/algofi-compile)
2024-06-19T16:31:10.837+09:00  INFO 11914 --- [algofi-compile] [    Test worker] g.a.controller.CompileApiControllerTest  : No active profile set, falling back to 1 default profile: "default"
2024-06-19T16:31:11.085+09:00  INFO 11914 --- [algofi-compile] [    Test worker] .s.d.r.c.RepositoryConfigurationDelegate : Bootstrapping Spring Data JPA repositories in DEFAULT mode.
2024-06-19T16:31:11.094+09:00  INFO 11914 --- [algofi-compile] [    Test worker] .s.d.r.c.RepositoryConfigurationDelegate : Finished Spring Data repository scanning in 5 ms. Found 0 JPA repository interfaces.
2024-06-19T16:31:11.238+09:00  INFO 11914 --- [algofi-compile] [    Test worker] com.zaxxer.hikari.HikariDataSource       : HikariPool-1 - Starting...
2024-06-19T16:31:11.314+09:00  INFO 11914 --- [algofi-compile] [    Test worker] com.zaxxer.hikari.pool.HikariPool        : HikariPool-1 - Added connection conn0: url=jdbc:h2:mem:efe5c9b4-ed47-483e-ba33-cdb6079ff39e user=SA
2024-06-19T16:31:11.314+09:00  INFO 11914 --- [algofi-compile] [    Test worker] com.zaxxer.hikari.HikariDataSource       : HikariPool-1 - Start completed.
2024-06-19T16:31:11.337+09:00  INFO 11914 --- [algofi-compile] [    Test worker] o.hibernate.jpa.internal.util.LogHelper  : HHH000204: Processing PersistenceUnitInfo [name: default]
2024-06-19T16:31:11.364+09:00  INFO 11914 --- [algofi-compile] [    Test worker] org.hibernate.Version                    : HHH000412: Hibernate ORM core version 6.5.2.Final
2024-06-19T16:31:11.379+09:00  INFO 11914 --- [algofi-compile] [    Test worker] o.h.c.internal.RegionFactoryInitiator    : HHH000026: Second-level cache disabled
2024-06-19T16:31:11.502+09:00  INFO 11914 --- [algofi-compile] [    Test worker] o.s.o.j.p.SpringPersistenceUnitInfo      : No LoadTimeWeaver setup: ignoring JPA class transformer
2024-06-19T16:31:11.668+09:00  INFO 11914 --- [algofi-compile] [    Test worker] o.h.e.t.j.p.i.JtaPlatformInitiator       : HHH000489: No JTA platform available (set 'hibernate.transaction.jta.platform' to enable JTA platform integration)
2024-06-19T16:31:11.670+09:00  INFO 11914 --- [algofi-compile] [    Test worker] j.LocalContainerEntityManagerFactoryBean : Initialized JPA EntityManagerFactory for persistence unit 'default'
2024-06-19T16:31:11.728+09:00  WARN 11914 --- [algofi-compile] [    Test worker] JpaBaseConfiguration$JpaWebConfiguration : spring.jpa.open-in-view is enabled by default. Therefore, database queries may be performed during view rendering. Explicitly configure spring.jpa.open-in-view to disable this warning
2024-06-19T16:31:11.884+09:00  INFO 11914 --- [algofi-compile] [    Test worker] g.a.controller.CompileApiControllerTest  : Started CompileApiControllerTest in 1.136 seconds (process running for 1.569)
]]></system-out>
  <system-err><![CDATA[]]></system-err>
</testsuite>
