<?xml version="1.0" encoding="UTF-8"?>
<testsuite name="gooroommoon.algofi_compile.api.CompileApiControllerTest" tests="4" skipped="0" failures="0" errors="0" timestamp="2024-06-16T16:48:03" hostname="DESKTOP-ERATPKO" time="2.568">
  <properties/>
  <testcase name="testCExecution()" classname="gooroommoon.algofi_compile.api.CompileApiControllerTest" time="0.892"/>
  <testcase name="testJavaExecution()" classname="gooroommoon.algofi_compile.api.CompileApiControllerTest" time="1.157"/>
  <testcase name="testPythonExecution()" classname="gooroommoon.algofi_compile.api.CompileApiControllerTest" time="0.304"/>
  <testcase name="testJavascriptExecution()" classname="gooroommoon.algofi_compile.api.CompileApiControllerTest" time="0.21"/>
  <system-out><![CDATA[2024-06-17T01:48:03.509+09:00  INFO 2856 --- [algofi-compile] [    Test worker] t.c.s.AnnotationConfigContextLoaderUtils : Could not detect default configuration classes for test class [gooroommoon.algofi_compile.api.CompileApiControllerTest]: CompileApiControllerTest does not declare any static, non-private, non-final, nested classes annotated with @Configuration.
2024-06-17T01:48:03.520+09:00  INFO 2856 --- [algofi-compile] [    Test worker] .b.t.c.SpringBootTestContextBootstrapper : Found @SpringBootConfiguration gooroommoon.algofi_compile.AlgofiCompileApplication for test class gooroommoon.algofi_compile.api.CompileApiControllerTest
]]></system-out>
  <system-err><![CDATA[]]></system-err>
</testsuite>
